2024-10-25 10:04:15 [ERROR]: Erro: Expected ',' or '}' after property value in JSON at position 23
2024-10-25 10:05:07 [ERROR]: Erro: Expected ',' or '}' after property value in JSON at position 23
2024-10-25 10:05:08 [ERROR]: Erro: Expected ',' or '}' after property value in JSON at position 23
2024-10-25 10:06:26 [ERROR]: Erro: Expected ',' or '}' after property value in JSON at position 23
2024-10-25 10:06:32 [ERROR]: Erro: Expected ',' or '}' after property value in JSON at position 23
2024-10-25 10:06:33 [ERROR]: Erro: Expected ',' or '}' after property value in JSON at position 23
2024-10-25 10:06:33 [ERROR]: Erro: Expected ',' or '}' after property value in JSON at position 23
2024-10-25 10:06:33 [ERROR]: Erro: Expected ',' or '}' after property value in JSON at position 23
2024-10-25 10:11:41 [ERROR]: Erro ao atualizar candidato pelo ID: Cast to ObjectId failed for value "undefined" (type string) at path "_id" for model "Candidate"
2024-10-25 10:11:45 [ERROR]: Erro ao atualizar candidato pelo ID: Cast to ObjectId failed for value "undefined" (type string) at path "_id" for model "Candidate"
2024-10-25 10:11:47 [ERROR]: Erro ao atualizar candidato pelo ID: Cast to ObjectId failed for value "undefined" (type string) at path "_id" for model "Candidate"
2024-10-25 10:12:03 [ERROR]: Erro ao atualizar candidato pelo ID: Cast to ObjectId failed for value "undefined" (type string) at path "_id" for model "Candidate"
2024-10-25 10:12:04 [ERROR]: Erro ao atualizar candidato pelo ID: Cast to ObjectId failed for value "undefined" (type string) at path "_id" for model "Candidate"
2024-10-25 10:12:58 [ERROR]: Erro ao atualizar candidato pelo ID: Cast to ObjectId failed for value "undefined" (type string) at path "_id" for model "Candidate"
2024-10-25 10:15:08 [ERROR]: Erro ao atualizar candidato pelo ID: Cast to ObjectId failed for value "undefined" (type string) at path "_id" for model "Candidate"
2024-10-25 10:15:09 [ERROR]: Erro ao atualizar candidato pelo ID: Cast to ObjectId failed for value "undefined" (type string) at path "_id" for model "Candidate"
2024-10-25 10:16:12 [ERROR]: Erro ao atualizar candidato pelo ID: Cast to ObjectId failed for value "undefined" (type string) at path "_id" for model "Candidate"
2024-10-25 10:16:13 [ERROR]: Erro ao atualizar candidato pelo ID: Cast to ObjectId failed for value "undefined" (type string) at path "_id" for model "Candidate"
2024-10-25 14:22:49 [ERROR]: Erro ao gerar PDF estilizado para o candidato com ID: undefined. Detalhes: moment is not defined
2024-10-25 14:22:51 [ERROR]: Erro ao gerar PDF estilizado para o candidato com ID: undefined. Detalhes: moment is not defined
2024-10-25 14:22:59 [ERROR]: Erro ao gerar PDF estilizado para o candidato com ID: undefined. Detalhes: moment is not defined
2024-10-25 14:22:59 [ERROR]: Erro ao gerar PDF estilizado para o candidato com ID: undefined. Detalhes: moment is not defined
2024-10-25 14:23:00 [ERROR]: Erro ao gerar PDF estilizado para o candidato com ID: undefined. Detalhes: moment is not defined
2024-10-25 14:23:00 [ERROR]: Erro ao gerar PDF estilizado para o candidato com ID: undefined. Detalhes: moment is not defined
2024-10-25 14:23:00 [ERROR]: Erro ao gerar PDF estilizado para o candidato com ID: undefined. Detalhes: moment is not defined
2024-10-25 14:23:00 [ERROR]: Erro ao gerar PDF estilizado para o candidato com ID: undefined. Detalhes: moment is not defined
2024-10-25 14:23:08 [ERROR]: Erro ao gerar PDF estilizado para o candidato com ID: undefined. Detalhes: moment is not defined
2024-10-25 15:06:22 [ERROR]: Erro ao gerar PDF estilizado para o candidato com ID: undefined. Detalhes: Cannot read properties of undefined (reading 'forEach')
2024-10-25 15:06:47 [ERROR]: Erro ao gerar PDF estilizado para o candidato com ID: undefined. Detalhes: Cannot read properties of undefined (reading 'forEach')
2024-10-25 15:42:18 [ERROR]: Erro ao gerar PDF estilizado para o candidato com ID: undefined. Detalhes: unsupported number: NaN
